----------------|---------|----------|---------|---------|-------------------
File            | % Stmts | % Branch | % Funcs | % Lines | Uncovered Line #s 
----------------|---------|----------|---------|---------|-------------------
All files       |   97.67 |    92.59 |      90 |   97.67 |                   
 Hestia         |     100 |      100 |     100 |     100 |                   
  validators.ts |     100 |      100 |     100 |     100 |                   
 Zeus           |   96.66 |     87.5 |   83.33 |   96.66 |                   
  helpers.ts    |   96.66 |     87.5 |   83.33 |   96.66 | 80                
----------------|---------|----------|---------|---------|-------------------
